<?xml version="1.0" encoding="UTF-8"?>
<testsuite xmlns:xsi="http://www.w3.org/2001/XMLSchema-instance" xsi:noNamespaceSchemaLocation="https://maven.apache.org/surefire/maven-surefire-plugin/xsd/surefire-test-report.xsd" version="3.0.2" name="FutureMsgBusMicroSerTest" time="0.075" tests="1" errors="0" skipped="0" failures="1">
  <properties>
[...]
</properties>
  <testcase name="generalTest1" classname="FutureMsgBusMicroSerTest" time="0.044">
    <failure message="expected: &lt;null&gt; but was: &lt;[FutureMsgBusMicroSerTest$TestMicroService2@5bc2a3fc, FutureMsgBusMicroSerTest$TestMicroService2@584b3fc9]&gt;" type="org.opentest4j.AssertionFailedError"><![CDATA[org.opentest4j.AssertionFailedError: expected: <null> but was: <[FutureMsgBusMicroSerTest$TestMicroService2@5bc2a3fc, FutureMsgBusMicroSerTest$TestMicroService2@584b3fc9]>
	at org.junit.jupiter.api.AssertionFailureBuilder.build(AssertionFailureBuilder.java:151)
	at org.junit.jupiter.api.AssertionFailureBuilder.buildAndThrow(AssertionFailureBuilder.java:132)
	at org.junit.jupiter.api.AssertNull.failNotNull(AssertNull.java:50)
	at org.junit.jupiter.api.AssertNull.assertNull(AssertNull.java:35)
	at org.junit.jupiter.api.AssertNull.assertNull(AssertNull.java:30)
	at org.junit.jupiter.api.Assertions.assertNull(Assertions.java:279)
	at FutureMsgBusMicroSerTest.testNoSubscribers(FutureMsgBusMicroSerTest.java:315)
	at FutureMsgBusMicroSerTest.generalTest1(FutureMsgBusMicroSerTest.java:100)
	at java.base/java.lang.reflect.Method.invoke(Method.java:568)
	at java.base/java.util.ArrayList.forEach(ArrayList.java:1511)
	at java.base/java.util.ArrayList.forEach(ArrayList.java:1511)
]]></failure>
    <system-out><![CDATA[generalTest1 has started
TestMicroService1_1 registered
TestMicroService1_2 registered
TestMicroService2_1 registered
TestMicroService2_2 registered

event number 1 subscribers:
TestMicroService2_2subscribed to FutureMsgBusMicroSerTest$TestEvent1
TestMicroService2_1subscribed to FutureMsgBusMicroSerTest$TestEvent1
TestMicroService1_1subscribed to FutureMsgBusMicroSerTest$TestEvent1
TestMicroService1_2subscribed to FutureMsgBusMicroSerTest$TestEvent1

event number 2 subscribers:
TestMicroService2_2subscribed to FutureMsgBusMicroSerTest$TestEvent2
TestMicroService2_1subscribed to FutureMsgBusMicroSerTest$TestEvent2
TestMicroService1_1subscribed to FutureMsgBusMicroSerTest$TestEvent2
TestMicroService1_2subscribed to FutureMsgBusMicroSerTest$TestEvent2

event number 3 subscribers:
TestMicroService1_1subscribed to FutureMsgBusMicroSerTest$terminate
TestMicroService1_2subscribed to FutureMsgBusMicroSerTest$terminate
TestMicroService2_2subscribed to FutureMsgBusMicroSerTest$terminate
TestMicroService2_1subscribed to FutureMsgBusMicroSerTest$terminate

broadcast number 1 subscribers:
TestMicroService2_2subscribed to FutureMsgBusMicroSerTest$TestBroadcast1
TestMicroService2_1subscribed to FutureMsgBusMicroSerTest$TestBroadcast1
TestMicroService1_1subscribed to FutureMsgBusMicroSerTest$TestBroadcast1
TestMicroService1_2subscribed to FutureMsgBusMicroSerTest$TestBroadcast1

broadcast number 2 subscribers:
TestMicroService1_2subscribed to FutureMsgBusMicroSerTest$TestBroadcast2
TestMicroService1_1subscribed to FutureMsgBusMicroSerTest$TestBroadcast2
TestMicroService2_2subscribed to FutureMsgBusMicroSerTest$TestBroadcast2
TestMicroService2_1subscribed to FutureMsgBusMicroSerTest$TestBroadcast2

]]></system-out>
  </testcase>
</testsuite>