<?xml version="1.0" encoding="UTF-8"?>
<testsuite xmlns:xsi="http://www.w3.org/2001/XMLSchema-instance" xsi:noNamespaceSchemaLocation="https://maven.apache.org/surefire/maven-surefire-plugin/xsd/surefire-test-report.xsd" version="3.0.2" name="FutureMsgBusMicroSerTest" time="1.488" tests="5" errors="0" skipped="0" failures="0">
  <properties>
[...]
</properties>
  <testcase name="subsribeEventGeneralTest" classname="FutureMsgBusMicroSerTest" time="0.133">
    <system-out><![CDATA[subsribeEventGeneralTest has started
event number 1 subscribers:
TestMicroService1_1subscribed to FutureMsgBusMicroSerTest$TestEvent1
TestMicroService1_2subscribed to FutureMsgBusMicroSerTest$TestEvent1
TestMicroService2_1subscribed to FutureMsgBusMicroSerTest$TestEvent1
TestMicroService2_2subscribed to FutureMsgBusMicroSerTest$TestEvent1

event number 2 subscribers:
TestMicroService1_1subscribed to FutureMsgBusMicroSerTest$TestEvent2
TestMicroService1_2subscribed to FutureMsgBusMicroSerTest$TestEvent2
TestMicroService2_1subscribed to FutureMsgBusMicroSerTest$TestEvent2
TestMicroService2_2subscribed to FutureMsgBusMicroSerTest$TestEvent2

event number 3 subscribers:
TestMicroService1_1subscribed to FutureMsgBusMicroSerTest$terminate
TestMicroService1_2subscribed to FutureMsgBusMicroSerTest$terminate
TestMicroService2_1subscribed to FutureMsgBusMicroSerTest$terminate
TestMicroService2_2subscribed to FutureMsgBusMicroSerTest$terminate

broadcast number 1 subscribers:
TestMicroService1_1subscribed to FutureMsgBusMicroSerTest$TestBroadcast1
TestMicroService1_2subscribed to FutureMsgBusMicroSerTest$TestBroadcast1
TestMicroService2_1subscribed to FutureMsgBusMicroSerTest$TestBroadcast1
TestMicroService2_2subscribed to FutureMsgBusMicroSerTest$TestBroadcast1

broadcast number 2 subscribers:
TestMicroService1_1subscribed to FutureMsgBusMicroSerTest$TestBroadcast2
TestMicroService1_2subscribed to FutureMsgBusMicroSerTest$TestBroadcast2
TestMicroService2_1subscribed to FutureMsgBusMicroSerTest$TestBroadcast2
TestMicroService2_2subscribed to FutureMsgBusMicroSerTest$TestBroadcast2

subsribeEventGeneralTest has finished
]]></system-out>
  </testcase>
  <testcase name="registeredANDUnregisteredGeneralTest" classname="FutureMsgBusMicroSerTest" time="0.057">
    <system-out><![CDATA[registeredGeneralTest has started
TestMicroService1_1 registered
TestMicroService1_2 registered
TestMicroService2_1 registered
TestMicroService2_2 registered
TestMicroService1_1 registered
contains key TestMicroService1_1
TestMicroService1_1 registered
registeredGeneralTest has finished
]]></system-out>
  </testcase>
  <testcase name="isRoundRobinTest" classname="FutureMsgBusMicroSerTest" time="0.081">
    <system-out><![CDATA[isRoundRobinTest has started
TestMicroService1_1 received TestEvent1: Event0
TestMicroService1_2 received TestEvent1: Event1
TestMicroService2_2 received TestEvent1: Event3
TestMicroService1_1 received TestEvent1: Event4
TestMicroService1_2 received TestEvent1: Event5
TestMicroService2_1 received TestEvent1: Event2
TestMicroService1_1 received TestEvent1: Event8
TestMicroService2_2 received TestEvent1: Event7
TestMicroService2_2 received TestEvent1: Event11
TestMicroService1_2 received TestEvent1: Event9
TestMicroService2_1 received TestEvent1: Event6
TestMicroService2_1 received TestEvent1: Event10
TestMicroService1_1 received TestEvent1: Event12
TestMicroService1_2 received TestEvent1: Event13
TestMicroService2_2 received TestEvent1: Event15
TestMicroService1_1 received TestEvent1: Event16
TestMicroService1_2 received TestEvent1: Event17
TestMicroService1_1 received TestEvent1: Event20
TestMicroService2_2 received TestEvent1: Event19
TestMicroService1_2 received TestEvent1: Event21
TestMicroService2_1 received TestEvent1: Event14
TestMicroService2_2 received TestEvent1: Event23
TestMicroService2_1 received TestEvent1: Event18
TestMicroService2_1 received TestEvent1: Event22
TestMicroService1_1 received TestEvent1: ExtraEvent1
TestMicroService1_2 received TestEvent1: ExtraEvent2
isRoundRobinTest has finished
]]></system-out>
  </testcase>
  <testcase name="sendEventANDBroadcastTest" classname="FutureMsgBusMicroSerTest" time="0.101">
    <system-out><![CDATA[sendEventANDBroadcastTest has started
TestMicroService1_1 received TestEvent2: One EVENT sent to one microservice
TestMicroService1_2 handled Broadcast 1: 
TestMicroService2_2 handled Broadcast 1: 
TestMicroService2_1 handled Broadcast 1: 
TestMicroService1_1 handled Broadcast 1: 
TestMicroService1_1 received TestBroadcast1
TestMicroService1_2 received TestBroadcast1
TestMicroService2_1 received TestBroadcast1
TestMicroService2_2 received TestBroadcast1
TestMicroService1_1 received terminate: terminate1
TestMicroService1_2 received terminate: terminate2
TestMicroService2_1 received terminate: terminate3
TestMicroService2_2 received terminate: terminate4
sendEventANDBroadcastTest has finished
]]></system-out>
  </testcase>
  <testcase name="awaitMessageTest" classname="FutureMsgBusMicroSerTest" time="1.061">
    <system-out><![CDATA[awaitMessageTest has started
TestMicroServiceAwait handled Broadcast 2: Test Event for awaitMessage
TestMicroServiceAwait received terminate: terminate
awaitMessageTest has finished
]]></system-out>
  </testcase>
</testsuite>