<?xml version="1.0" encoding="UTF-8"?>
<testsuite xmlns:xsi="http://www.w3.org/2001/XMLSchema-instance" xsi:noNamespaceSchemaLocation="https://maven.apache.org/surefire/maven-surefire-plugin/xsd/surefire-test-report.xsd" version="3.0.2" name="CameraTest" time="6.406" tests="1" errors="1" skipped="0" failures="0">
  <properties>
[...]
</properties>
  <testcase name="setUp" classname="CameraTest" time="6.37">
    <error message="java.lang.IllegalStateException: Expected BEGIN_ARRAY but was BEGIN_OBJECT at line 1 column 2 path $&#10;See https://github.com/google/gson/blob/main/Troubleshooting.md#unexpected-json-structure" type="com.google.gson.JsonSyntaxException"><![CDATA[com.google.gson.JsonSyntaxException: 
java.lang.IllegalStateException: Expected BEGIN_ARRAY but was BEGIN_OBJECT at line 1 column 2 path $
See https://github.com/google/gson/blob/main/Troubleshooting.md#unexpected-json-structure
	at com.google.gson.Gson.fromJson(Gson.java:1372)
	at com.google.gson.Gson.fromJson(Gson.java:1262)
	at com.google.gson.Gson.fromJson(Gson.java:1230)
	at bgu.spl.mics.application.objects.Camera.cameraData(Camera.java:58)
	at bgu.spl.mics.application.objects.Camera.<init>(Camera.java:29)
	at CameraTest.setUp(CameraTest.java:39)
	at java.base/java.lang.reflect.Method.invoke(Method.java:568)
	at java.base/java.util.ArrayList.forEach(ArrayList.java:1511)
	at java.base/java.util.ArrayList.forEach(ArrayList.java:1511)
Caused by: java.lang.IllegalStateException: Expected BEGIN_ARRAY but was BEGIN_OBJECT at line 1 column 2 path $
See https://github.com/google/gson/blob/main/Troubleshooting.md#unexpected-json-structure
	at com.google.gson.stream.JsonReader.unexpectedTokenError(JsonReader.java:1768)
	at com.google.gson.stream.JsonReader.beginArray(JsonReader.java:430)
	at com.google.gson.internal.bind.CollectionTypeAdapterFactory$Adapter.read(CollectionTypeAdapterFactory.java:81)
	at com.google.gson.internal.bind.CollectionTypeAdapterFactory$Adapter.read(CollectionTypeAdapterFactory.java:59)
	at com.google.gson.Gson.fromJson(Gson.java:1361)
	... 8 more
]]></error>
    <system-out><![CDATA[test has started]]></system-out>
  </testcase>
</testsuite>